-0.424413358557
-0.530075454606
-0.404014022094
-0.404802231507
-0.710472331992
-0.801677450671
-0.741770889599
-0.825654812892
-1.27747836919
-0.821010131595
-0.456055210868
-0.580765501776
-0.944712963393
-0.698952875289
-0.616337244497
-0.964943732452
-0.408909847655
-0.652828664674
-0.413945704794
-1.24272050354
-0.710472331992
-0.801677450671
-0.741770889599
-0.825654812892
-1.17222461649
-0.821010131595
-0.456055210868
-0.719669851837
-0.7758439142
-0.698952875289
-0.64571650823
-0.737132303643
-0.712910680619
-0.382681260022
-0.662287232909
-1.52656215004
-0.723041805132
-0.801677450671
-0.875236352131
-0.752583462461
-0.760353636597
-1.00740269747
-0.456055210868
-0.719669851837
-0.7758439142
-0.698952875289
-0.698247738697
-0.737132303643
-0.712910680619
-0.500789713361
-0.662287232909
-1.52656215004
-0.540878342446
-0.898774802147
-0.875236352131
-0.89132293788
-0.675326109838
-0.674023550683
-0.807626935807
-0.719669851837
-0.638896962001
-0.775256176
-0.698247738697
-0.737132303643
-0.782322844529
-0.500789713361
-0.591993758433
-0.548972215762
-0.540878342446
-0.92149855597
-0.875236352131
-0.675951139048
-0.669210469375
-0.804864483989
-0.807626935807
-0.719669851837
-2.73837798578
-0.564525760169
-0.698247738697
-0.737132303643
-0.740425365221
-0.566279556926
-0.517537781508
-0.730282740201
-0.413536924885
-0.875075865975
-0.875236352131
-0.735821991523
-0.669210469375
-0.808231136278
-0.734672003775
-0.662750432363
-2.01069065352
-0.546336288946
-0.698247738697
-0.529402239761
-0.740425365221
-0.404146764004
-0.579221178617
-0.730282740201
-0.413536924885
-0.718852914941
-0.870685523134
-0.735821991523
-0.4972090937
-0.855577857342
-0.803185157408
-0.518114384472
-2.01069065352
-0.546336288946
-0.698247738697
-0.609551593768
-0.740425365221
-0.40488622002
-0.535158483911
-0.507492424462
-0.53495463476
-0.817704044388
-0.666725440135
-0.837856622646
-0.342299287646
-0.679771642431
-0.612780448489
-0.518114384472
-2.01069065352
-0.567538655825
-0.697971076944
-0.609551593768
-0.692642156178
-0.554189877547
-0.32021004067
-0.575432297918
-0.53495463476
-0.817704044388
-0.671285780971
-0.753006397961
-0.524041013275
-0.679771642431
-0.612780448489
-0.38121668364
-2.01069065352
-0.686306390082
-0.697971076944
-0.511767502019
-0.692642156178
-0.440660363881
-0.32021004067
-0.399994034967
-0.432697349461
-0.785709489274
-0.671285780971
-0.723156448068
-0.356940007997
-0.679771642431
-0.731395003119
-0.434162100753
-2.01069065352
-0.571937806146
-0.697971076944
-0.452713215009
-0.712166212362
-0.483782833733
-0.403862369863
-0.431836076824
-0.432697349461
-0.785709489274
-0.800224862603
-0.813644290622
-0.430532619454
-0.744130424705
-0.565337092818
-0.502257852583
-1.62212419682
-0.712439269874
-0.697971076944
-0.727079601312
-0.605496113646
-0.468509829492
-0.403862369863
-0.495443559605
-0.432697349461
-0.682963750941
-0.652077710224
-0.813644290622
-0.445026434491
-0.744130424705
-0.628887371527
-0.523158269494
-1.62212419682
-0.850537879477
-0.7256206082
-0.727079601312
-0.759864459372
-0.580448651871
-0.403862369863
-0.495443559605
-0.578521808543
-0.884587696746
-0.860842725511
-0.813644290622
-0.436199726264
-0.621937296397
-0.628887371527
-0.506129604922
-1.62212419682
-0.709065370336
-0.7256206082
-0.581815048085
-0.759864459372
-0.611103835838
-0.403862369863
-0.373344806132
-0.470304536967
-0.946518969742
-0.849468572251
-0.813644290622
-0.436199726264
-0.621937296397
-0.590947982219
-0.494303489583
-1.62212419682
-0.709065370336
-0.730001183463
-0.49264257528
-0.737074500848
-0.611103835838
-0.381929603299
-0.373344806132
-0.400994417191
-0.908162476055
-0.849468572251
-0.617428038196
-0.410112237239
-0.754651232019
-0.69114246261
-0.494303489583
-0.674874214226
-0.709065370336
-0.730001183463
-0.462277657374
-0.737074500848
-0.611103835838
-0.46927861678
-0.961461816087
-0.591137275475
-0.947689711559
-0.849468572251
-0.83855898193
-0.410112237239
-0.819213575136
-0.69114246261
-0.508756976774
-0.674874214226
-0.709065370336
-0.670840680943
-0.490162135971
-0.737074500848
-0.611103835838
-0.474021446665
-0.961461816087
-0.591137275475
-0.947689711559
-0.494345844085
-0.674120185139
-0.429849054061
-0.853103345797
-0.773374732978
-0.408769257
-0.626583227003
-0.709065370336
-0.7316811044
-0.490162135971
-0.62739771007
-0.578126106122
-0.662528135647
-1.48793438693
-0.591137275475
-0.947689711559
-0.494345844085
-0.796514095565
-0.571695055825
-0.853103345797
-0.773374732978
-0.515665273782
-0.459407761438
-0.709065370336
-0.712160840022
-1.09620982734
-0.770791543002
-0.446778067687
-0.662528135647
-1.48793438693
-0.591137275475
-0.845624588802
-0.494345844085
-0.758058154954
-0.656047566876
-0.853103345797
-0.753529689578
-0.415954502213
-0.800872598706
-0.460004912993
-0.467335016753
-1.09620982734
-0.90996816263
-0.446778067687
-0.662528135647
-0.36729167506
-0.591137275475
-0.669689965092
-0.494345844085
-0.771609224944
-0.515289037152
-0.853103345797
-0.753529689578
-0.352898286943
-0.800872598706
-0.460004912993
-0.450855501924
-1.09620982734
-0.690613662656
-0.446778067687
-0.662528135647
-0.362081743051
-0.591137275475
-0.669689965092
-0.44005561179
-0.771609224944
-0.410461132885
-0.989905842469
-0.693884696259
-0.352898286943
-0.909167771077
-0.520763480588
-0.535799001409
-1.09620982734
-0.690613662656
-0.446778067687
-0.723315592988
-0.410667522371
-0.591137275475
-0.669689965092
-0.527748133217
-0.581756333063
-0.527662647838
-0.989905842469
-0.693884696259
-0.352898286943
-0.909167771077
-0.773851997717
-0.535799001409
-1.09620982734
-0.690613662656
-0.473736178103
-0.532884586836
-0.514593823289
-0.403360608877
-0.669689965092
-0.527748133217
-0.446956566664
-0.46139967092
-0.989905842469
-0.693884696259
-0.352898286943
-0.909167771077
-0.773851997717
-0.597603636051
-0.60239002736
-0.690613662656
-0.61745455986
-0.440065875467
-0.70988387391
-0.617021991719
-0.647100029429
-0.542363583426
-0.563952728596
-0.46139967092
-0.989905842469
-0.693884696259
-0.352898286943
-0.909167771077
-0.773851997717
-0.597603636051
-0.70345019652
-0.690613662656
-0.538741975633
-0.359176014184
-0.411343896677
-0.922330969003
-0.698803103673
-0.44537514077
-0.659572980247
-0.427369902225
-0.932163119031
-0.693884696259
-0.352898286943
-0.373571439247
-0.773851997717
-0.488264602864
-0.65002351361
-0.690613662656
-0.425532721123
-0.435335210203
-0.445617202312
-0.922330969003
-0.562543909378
-0.522372903784
-0.682672835648
-0.42206250032
-0.932163119031
-0.693884696259
-0.369916433304
-0.562678681066
-0.824589486042
-0.698657024204
-0.851217631702
-0.753219803692
-0.425532721123
-0.476042743125
-0.445617202312
-0.922330969003
-0.562543909378
-0.467337811087
-0.737771300298
-0.487362847847
-0.932163119031
-0.693884696259
-0.369916433304
-0.441304144179
-0.824589486042
-0.698657024204
-0.714955899154
-0.753219803692
-0.515817691267
-0.476042743125
-0.433148604541
-0.922330969003
-0.823685391249
-0.512288213403
-0.916635605625
-0.487362847847
-0.437443140379
-0.511030760081
-0.472140795032
-0.455709726439
-0.824589486042
-0.716451025258
-0.714955899154
-0.753219803692
-0.515817691267
-0.349990501644
-0.484907835857
-0.871795480728
-0.816872327218
-0.404075479776
-0.488457848954
-0.92739407574
-0.967880461199
-0.511030760081
-0.527732143427
-0.398005888018
-0.587238655498
-0.716451025258
-0.766237083262
-0.753219803692
-0.53046662832
-0.379550302573
-0.484907835857
-0.877452741657
-0.816872327218
-0.461167717564
-0.378695758361
-0.68056436356
-0.511122765992
-0.511030760081
-0.527732143427
-0.398005888018
-0.590966813991
-0.741290128515
-0.661790778004
-0.710168274112
-0.533777440396
-1.95700747407
-0.484907835857
-0.747259871702
-0.816872327218
-0.480838566977
-0.397432568829
-0.68056436356
-0.511122765992
-0.573367347955
-0.527732143427
-0.398005888018
-0.590966813991
-0.734781199283
-0.651562509383
-0.710168274112
-0.533777440396
-1.95700747407
-0.484907835857
-0.884594984465
-0.816872327218
-0.480838566977
-0.940274561029
-0.440721772112
-0.511122765992
-0.573367347955
-0.527732143427
-0.398005888018
-0.556916215616
-0.705866143607
-0.651562509383
-0.710168274112
-0.466823593576
-0.891897289057
-0.639990107862
-0.7376621491
-0.642458063927
-0.480838566977
-0.940274561029
-0.360209897818
-0.511122765992
-0.633578389535
-0.527732143427
-0.398005888018
-0.487469491693
-0.650129319538
-0.805101909164
-0.710168274112
-0.466823593576
-0.891897289057
-0.439640961148
-0.728547196348
-0.642458063927
-0.480838566977
-0.454282601708
-0.383004077665
-0.511122765992
-0.418627067207
-0.42318251759
-0.721697876169
-0.487469491693
-0.650129319538
-0.931537409714
-0.710168274112
-0.466823593576
-0.891897289057
-0.350447998229
-0.728547196348
-0.757951931808
-0.493251874443
-0.595998865388
-0.383004077665
-0.511122765992
-0.418627067207
-0.510594718961
-0.721697876169
-0.428874348336
-0.650129319538
-0.620444588795
-0.702474318737
-0.479428727008
-0.922604104014
-0.372328543907
-0.612223362834
-0.757951931808
-0.493251874443
-0.366822432616
-0.450967120356
-0.511122765992
-0.418627067207
-0.452735374201
-0.721697876169
-0.402518546025
-0.650129319538
-0.519260856843
-0.702474318737
-0.479428727008
-0.568377764974
-0.372328543907
-0.662135492493
-0.869566076011
-0.42470056436
-0.44165431017
-0.436504532833
-0.511122765992
-0.418627067207
-0.452735374201
-0.517066464878
-0.453854394497
-0.76801926742
-0.656218434629
-0.76994442685
-0.513105309541
-0.447384998778
-0.479932170002
-0.662135492493
-0.869566076011
-0.42470056436
-0.479096357592
-0.436504532833
-0.511122765992
-0.418627067207
-0.370804038745
-0.567841778734
-0.453854394497
-0.650109738844
-0.452194488884
-0.76994442685
-0.513105309541
-0.420037251189
-0.408564770621
-0.878391835161
-0.692210067062
-0.661368425581
-0.710132562839
-0.436504532833
-0.511122765992
-0.418627067207
-0.370804038745
-0.424276991528
-0.453854394497
-0.577536072688
-0.487675138994
-0.76994442685
-0.513105309541
-0.361392492934
-0.633279744672
-0.431659147924
-0.768236755313
-0.556024602829
-0.874877518156
-0.513955142123
-0.457575721224
-0.435334810033
-0.441638374749
-0.424276991528
-0.438422252825
-0.577536072688
-0.501441957512
-0.705709948512
-0.513105309541
-0.361392492934
-1.48403283347
-0.526955253237
-0.768236755313
-0.556145745251
-0.843262023706
-0.513955142123
-0.457575721224
-0.435334810033
-0.441638374749
-0.407291941162
-0.456564376276
-0.577536072688
-0.501441957512
-0.705709948512
-0.405355196737
-0.361392492934
-1.48403283347
-0.613885243387
-0.768236755313
-0.728900581882
-0.843262023706
-0.383376092093
-0.457575721224
-0.380839628619
-0.475080728443
-0.407291941162
-0.536277915861
-0.743736229612
-0.569027331702
-0.723049419063
-0.532739918371
-0.419633675136
-1.48403283347
-0.757850118415
-0.768236755313
-0.824302594439
-0.843262023706
-0.383376092093
-0.538204691899
-0.476395303284
-0.775933501466
-0.567910234168
-0.543903169792
-0.645357127825
-0.569027331702
-0.675869874415
-0.616006654407
-0.519995256271
-1.48403283347
-0.759326671587
-0.768236755313
-0.702365880449
-0.761114239182
-0.5040508934
-0.538204691899
-0.346611670077
-1.49064320319
-0.637744246514
-0.543903169792
-0.645357127825
-0.569027331702
-0.817078392963
-0.425223550208
-0.519995256271
-1.48403283347
-0.759326671587
-0.65167465803
-0.682281828543
-0.889377834343
-0.452408127078
-0.739190806028
-0.451365794323
-1.49064320319
-0.42483807829
-0.543903169792
-0.645357127825
-0.551993303096
-0.817078392963
-0.425223550208
-0.519995256271
-1.48403283347
-0.759326671587
-0.65167465803
-0.682281828543
-0.855656417512
-0.728376023835
-0.493534239709
-0.451365794323
-1.49064320319
-0.432774221375
-0.543903169792
-0.750787380797
-0.669671010269
-0.719304553745
-0.569833825723
-0.434259519243
-1.48403283347
-0.734032937487
-0.65167465803
-0.625471294967
-0.768875726635
-0.423028661288
-0.409135616796
-0.451365794323
-1.49064320319
-0.671672208416
-0.543903169792
-0.750787380797
-0.62326396397
-0.525472450178
-0.569833825723
-0.434259519243
-0.679444019844
-0.734032937487
-0.677845315889
-0.805515054949
-0.768875726635
-0.423028661288
-0.449391593815
-0.451365794323
-0.464534099584
-0.671672208416
-0.543903169792
-0.640839244543
-0.502968535917
-0.658494222838
-0.470041401545
-0.434259519243
-0.4867465297
-0.734032937487
-0.510803014036
-0.621663999182
-0.768875726635
-0.448318448916
-0.540297055884
-0.404449556691
-0.465378074897
-0.560983981514
-0.543903169792
-0.640839244543
-0.570456751049
-0.699045834702
-0.472668588908
-0.434969180273
-0.4867465297
-0.734032937487
-0.559525059202
-0.693162072654
-0.768875726635
-0.384711959736
-0.524590684607
-0.540321814798
-0.626160848732
-0.540157174831
-0.543903169792
-0.743230381992
-0.499603435457
-0.699045834702
-0.504749536881
-0.408657263427
-0.4867465297
-0.802785298841
-0.732232614588
-0.699450967763
-0.46592400224
-0.666248018909
-0.524590684607
-0.540321814798
-0.797963865204
-0.630662358657
-0.499061240583
-0.735442008607
-0.731877471399
-0.645610284261
-0.504749536881
-0.408657263427
-0.913657475158
-0.66648494225
-0.732232614588
-0.699450967763
-0.46592400224
-0.729671521088
-0.441934217154
-0.540321814798
-0.623298829251
-0.459955628408
-0.499061240583
-0.735442008607
-0.723583128749
-0.737509282933
-0.472770792996
-0.408657263427
-0.913657475158
-0.66648494225
-0.753605865747
-0.54727581184
-0.558505644917
-0.729671521088
-0.505671369294
-0.488089828831
-0.829496674419
-0.497992226209
-0.499061240583
-0.859588703093
-0.527775089123
-0.718579228614
-0.479306774646
-0.94268745381
-0.605912665224
-0.66648494225
-0.480910151076
-0.54727581184
-0.491897895171
-0.788817358602
-0.505671369294
-0.488089828831
-0.829496674419
-0.588381006831
-0.499061240583
-0.859588703093
-0.527775089123
-0.701696345009
-0.479306774646
-0.94268745381
-0.605912665224
-0.708626447711
-0.657020588873
-0.600279200381
-0.491897895171
-0.71914737648
-0.505671369294
-0.361320001915
-0.491971001987
-0.753313304906
-0.697823706921
-0.859588703093
-0.527775089123
-0.715092830749
-0.526312183879
-1.23807580977
-0.605912665224
-0.708626447711
-2.9808757116
-0.542059566778
-0.491897895171
-0.726226730746
-0.765075980205
-0.502821371346
-0.491971001987
-0.753313304906
-0.697823706921
-0.859588703093
-0.734081333715
-0.862948198144
-0.516073723194
-1.23807580977
-0.381753307646
-0.662682591915
-2.9808757116
-0.611037434988
-0.491897895171
-0.796847059217
-0.737838969585
-0.502821371346
-0.569220111532
-0.41323068025
-0.697823706921
-0.697093770318
-0.820943538093
-0.65830435265
-0.470469967861
-1.23807580977
-0.527174668208
-0.797866988959
-1.17916816541
-0.671327254447
-0.491897895171
-0.655349576914
-0.530076547115
-0.421300562343
-0.674738480629
-0.41323068025
-0.697823706921
-0.689029645934
-0.64798776032
-0.734017305648
-0.638962166191
-1.23807580977
-0.503029958712
-0.715810417871
-0.480607835245
-0.671327254447
-0.408330565131
-0.760068283041
-0.612806701774
-0.329434241205
-0.890374084988
-0.422672205053
-0.697823706921
-0.455988457231
-0.522666734772
-0.791880505666
-0.833827527686
-0.580441787085
-0.456336307583
-0.858568051765
-0.480607835245
-0.751734992025
-0.408330565131
-0.72777843274
-1.05510241644
-0.967756161119
-0.890374084988
-0.454644324715
-0.65451319066
-0.455988457231
-0.522666734772
-0.75461369965
-0.833827527686
-1.47498002616
-0.766653545307
-0.681111328252
-0.67827955814
-0.578026813372
-0.367445452998
-0.72777843274
-1.05510241644
-0.967756161119
-0.890374084988
-0.577022891786
-0.364870575147
-0.423809086322
-0.450392434348
-0.750254345094
-0.833827527686
-1.47498002616
-1.02445411002
-0.681111328252
-0.361290185157
-0.627743607982
-0.367445452998
-0.587393914791
-1.05510241644
-0.743296523236
-0.890374084988
-0.577022891786
-0.387328253811
-0.423809086322
-0.409035099527
-1.05081592282
-0.954192165963
-2.3573458846
-1.06784707614
-0.681111328252
-0.590429343442
-0.639020535955
-0.367445452998
-0.587393914791
-0.470395939115
-0.514457254059
-0.750519248077
-0.550523495953
-0.283208373991
-0.379455323752
-0.409035099527
-0.893313027432
-1.00759571029
-2.42393313043
-0.98650724295
-0.681111328252
-0.533058362585
-0.639020535955
-0.377650979758
-0.423732641034
-0.600489668998
-0.557052874189
-0.742733474868
-0.427308994803
-0.462491025195
-0.515210249927
-0.409035099527
-0.641698300291
-1.44730422575
-2.27376196451
-0.87774576671
-0.601808171994
-0.879656034621
-0.639020535955
-0.475031804103
-0.490876555275
-0.600489668998
-0.677475008793
-0.742733474868
-0.357163206921
-0.344152639617
-0.325011105335
-0.440836033734
-0.880730213414
-1.44730422575
-2.27376196451
-0.87774576671
-0.588100575765
-0.879656034621
-0.415120790547
-0.421940520378
-0.512367668974
-0.724120693784
-0.677475008793
-0.727303281901
-0.357163206921
-0.344152639617
-0.453758909335
-0.44998750232
-0.550416049959
-1.44730422575
-2.27376196451
-1.1604891679
-0.712124480507
-1.42671033079
-0.415120790547
-0.422485226255
-0.775603044795
-0.661629654698
-0.677475008793
-0.499129900804
-0.494470863597
-0.371863191205
-0.481177710812
-0.44998750232
-0.550416049959
-0.659442078828
-2.27376196451
-1.0050507139
-0.453532498663
-0.995412753048
-0.569393797489
-0.422485226255
-0.467440101102
-0.749883221345
-0.677475008793
-0.673102536729
-0.55064096112
-0.462562650645
-0.481177710812
-0.373307726456
-0.572576633327
-0.558899687236
-2.27376196451
-0.622285505288
-0.69143630312
-0.995412753048
-0.546229957025
-0.422485226255
-0.467440101102
-0.723908556799
-0.345825160791
-0.673102536729
-0.465531158794
-0.499731356691
-0.564483542221
-0.373307726456
-0.516321569043
-0.558899687236
-1.70148657593
-0.307740139307
-0.454321360001
-1.14872757484
-0.484351184356
-0.479450005212
-0.467440101102
-0.723908556799
-0.474071599325
-0.711126285743
-0.465531158794
-0.42319987907
-0.444735323209
-0.473359355116
-0.59403667973
-0.706464832504
-1.57893109172
-0.441899976699
-0.396227134509
-0.624496943776
-0.363350643978
-0.434912141921
-0.479862052593
-0.723908556799
-0.5423942396
-0.560823712027
-0.465531158794
-0.554892806788
-0.482643699815
-0.393801106321
-0.738932327064
-0.706464832504
-1.57893109172
-0.459792544104
-0.396227134509
-0.624496943776
-0.510474555447
-0.434912141921
-0.626040137069
-0.529154407288
-0.456448909777
-0.445011548521
-0.810636404192
-0.481942261187
-0.431972708081
-0.429598304614
-0.738932327064
-1.35002730616
-2.07081646378
-0.459792544104
-0.410372357684
-1.11437647335
-0.36153480666
-0.434912141921
-0.655467156648
-0.545963378027
-0.605243281787
-1.09427260758
-0.410233301012
-0.401264150371
-0.522988294399
-0.567938649988
-0.738932327064
-1.35002730616
-1.39427973725
-0.443362808202
-0.410372357684
-0.480774255401
-0.472893052793
-0.446004535817
-0.655467156648
-0.472425807232
-0.49381291348
-1.1101648194
-0.610222862611
-0.556786352924
-0.447592012508
-0.567938649988
-0.6129183799
-0.505344576145
-1.23680477919
-0.443362808202
-0.410372357684
-0.53408789659
-0.472022661291
-0.400565484472
-0.713178075909
-0.477463752798
-0.395606325859
-0.508654422818
-0.610222862611
-0.593156702426
-0.447592012508
-0.567938649988
-0.750828133584
-0.704161656646
-1.23680477919
-0.511104667348
-0.420724455151
-0.53408789659
-0.499519664611
-0.260230803528
-0.713178075909
-0.738025746309
-0.469637714662
-0.475587053047
-0.610222862611
-0.593156702426
-0.514468857446
-0.567938649988
-0.596198893381
-0.419698971766
-1.23680477919
-0.511104667348
-0.420724455151
-0.420498916924
-0.499519664611
-0.445369898155
-0.713178075909
-0.738025746309
-0.469637714662
-0.465923086222
-0.440693783496
-0.515835520079
-0.523212578217
-0.567938649988
-0.596198893381
-0.499067990072
-0.84893837477
-0.386337397452
-0.412383504726
-0.659636884274
-0.500134707663
-0.436836806136
-0.74811329175
-0.738025746309
-0.468901925943
-0.469344620713
-0.538890241806
-0.648635613473
-0.546948622005
-0.567938649988
-0.596198893381
-0.509618843647
-0.362957681658
-0.634239382906
-0.412383504726
-0.527695300429
-0.644610415285
-0.436836806136
-0.74811329175
-0.898556811416
-0.441110908665
-0.501159620119
-0.538890241806
-0.648635613473
-0.458074367674
-0.633723528071
-0.596198893381
-0.457819571153
-0.418149644155
-0.597741144229
-0.500861047827
-1.42606764631
-0.718839634184
-0.56657113029
-0.77302493814
-0.983290474839
-0.441110908665
-0.804245585974
-0.438777754612
-0.4942781083
-0.550939069704
-0.506605771888
-0.452553697828
-0.470525157601
-0.418149644155
-0.597741144229
-0.428461477759
-0.586028032663
-0.718839634184
-0.601876707632
-0.77302493814
-0.983290474839
-0.441110908665
-0.785761277864
-0.438777754612
-0.45188040242
-0.752603543456
-0.623341737128
-0.452553697828
-0.507705624705
-0.447497649832
-0.767616419754
-0.428461477759
-0.586028032663
-0.607795633508
-1.27811065792
-0.77302493814
-0.400992737035
-0.441110908665
-0.616728878628
-0.418150721241
-0.457061565394
-0.752603543456
-0.711057646551
-0.658609556312
-0.524264885211
-0.489978601743
-0.581127300996
-0.446371351964
-1.13535238138
-0.801427345767
-1.27811065792
-0.746287065783
-0.400992737035
-0.441110908665
-0.616728878628
-0.516514991144
-0.802904727245
-0.752603543456
-0.693835834896
-0.658609556312
-0.524264885211
-0.414973010417
-0.976779575066
-0.576751024554
-1.38938699159
-0.738677258771
-1.64858494597
-0.681450433183
-0.463257557516
-0.531684587704
-0.439224988494
-0.572400300881
-0.556273925816
-0.752603543456
-0.897743614428
-0.658609556312
-0.684244221233
-0.414973010417
-0.534482426336
-0.351112709263
-1.70919413349
-0.738677258771
-1.64858494597
-0.681450433183
-0.527451213998
-0.531684587704
-0.471251990708
-0.572400300881
-0.695419675317
-0.752603543456
-0.526460956437
-0.658609556312
-1.04581492747
-0.569361445375
-0.753330030211
-0.641352945564
-1.78460326796
-0.738677258771
-1.64858494597
-0.629976809581
-0.528474697965
-0.511525293208
-0.415928651005
-0.572400300881
-0.510525443137
-0.752603543456
-0.49225376959
-0.648508540192
-1.04581492747
-0.464881719182
-1.13505740006
-0.570383688301
-0.383328732092
-0.755176342283
-0.394736081023
-0.629976809581
-0.532045348859
-0.436875512975
-0.338050911721
-0.406457852513
-0.668683455223
-0.752603543456
-0.487533280216
-0.599607363273
-0.987294687371
-0.460578297004
-0.995173690206
-0.589818333659
-0.383328732092
-0.711870041735
-0.387164525912
-0.629976809581
-0.532045348859
-0.436875512975
-0.399158793849
-0.470510447625
-0.668683455223
-0.643200988171
-0.425150538118
-0.596626694139
-0.688465454982
-0.422235313945
-0.995173690206
-0.405741226296
-0.822479723828
-0.711870041735
-0.387164525912
-0.629976809581
-0.532045348859
-0.47398152266
-0.453861684432
-0.572400237223
-0.522719220636
-0.735980324087
-0.49370801373
-0.596626694139
-0.688465454982
-0.445282273937
-1.3386846798
-0.603026660609
-0.382426940502
-0.655393931098
-0.462780372228
-0.629976809581
-0.980214622793
-0.47398152266
-0.501648564036
-0.431885684558
-0.725560608297
-0.648394173985
-0.49370801373
-0.534897658259
-0.519762539188
-0.503899593441
-1.3386846798
-0.49803525078
-0.3587691504
-0.655393931098
-0.394039338855
-0.629976809581
-0.965664309847
-0.37457751505
-0.918931859059
-0.288955688021
-0.750103410182
-0.648394173985
-0.593913747195
-0.475150594888
-0.519762539188
-0.609216017156
-1.3386846798
-0.657993459501
-0.553471862647
-0.658393826673
-0.475462209711
-0.629976809581
-0.774262331588
-0.37457751505
-0.76837254544
-0.291395675298
-0.705506549733
-0.511832324736
-0.593913747195
-0.475150594888
-0.519762539188
-0.556094268193
-1.39492471027
-0.656998565331
-0.558780817331
-0.677397849983
-0.451022590041
-0.629976809581
-0.774262331588
-0.393617532918
-0.76837254544
-0.372453166349
-0.705506549733
-0.601239500772
-0.543931197728
-0.625663094749
-0.51539964906
-0.60169778563
-1.07828064202
-0.656998565331
-0.48033968258
-0.532305657394
-0.566882936272
-0.629976809581
-0.774262331588
-0.393617532918
-0.76837254544
-0.372453166349
-0.705506549733
-0.65308220464
-0.543931197728
-0.430724236861
-1.16344291164
-0.567360487897
-0.912792061399
-0.703911683555
-0.402276411105
-0.375276526296
-0.521833239769
-0.629976809581
-0.774262331588
-0.564043941362
-1.2814813662
-0.394337758555
-0.705506549733
-0.59006756664
-0.543931197728
-0.430724236861
-1.16344291164
-0.730228330529
-0.912792061399
-0.703911683555
-0.402276411105
-0.295409456915
-0.495198147069
-0.619014175707
-0.873898331726
-0.411906952416
-1.2814813662
-0.394337758555
-0.705506549733
-0.449956429126
-0.543931197728
-0.447474804466
-0.492492796785
-0.730228330529
-0.386709115427
-0.703911683555
-0.995664027417
-0.542305342278
-0.449399062382
-0.675243291097
-0.873898331726
-0.411906952416
-0.627772688972
-0.394337758555
-0.681508609763
-0.401450131157
-0.547467040446
-0.552233864433
-0.715619691846
-0.613000424666
-0.386709115427
-0.713649362346
-1.0208501014
-0.500683217802
-0.473607572298
-0.60592175663
-0.767240377523
-0.511465793907
-0.754711961024
-0.394337758555
-0.732635188704
-0.356257266886
-0.458861084467
-0.552233864433
-0.617407771366
-0.613000424666
-0.386709115427
-0.680901397813
-0.375305327141
-0.756471217365
-0.592089922105
-0.476415230819
-0.448860472996
-0.511465793907
-1.3117629654
-0.394337758555
-0.732635188704
-0.391984030947
-0.458861084467
-0.635695112825
-1.17206584822
-0.613000424666
-0.42790811436
-0.629836833294
-0.635070362011
-0.713440429869
-0.419770073257
-0.408634250918
-0.474424148813
-0.511465793907
-1.3117629654
-0.387767691539
-0.7041943684
-0.510733584913
-0.458861084467
-0.488531248719
-1.17206584822
-0.846016678206
-0.719174287022
-0.558630274603
-0.905461768731
-0.717053961483
-0.533110243321
-0.408634250918
-1.08499698655
-0.346865777673
-1.42863983212
-0.387767691539
-0.415928090876
-0.510733584913
-0.390401152881
-0.488531248719
-1.29311262953
-0.666981173898
-0.683628060997
-0.461849891426
-0.530264145852
-0.717053961483
-0.616360112863
-0.399730904988
-0.563823911312
-0.509582754454
-0.498079360722
-0.387767691539
-0.415928090876
-0.411536974746
-0.38242077735
-0.488531248719
-1.29311262953
-0.666981173898
-0.686980816877
-0.604547798203
-0.519639174399
-0.833996032379
-0.616360112863
-0.469285956882
-0.488741062513
-0.375268190008
-0.441856247199
-0.361126529132
-0.415928090876
-0.338120721614
-0.38242077735
-0.415574581043
-1.29311262953
-0.666981173898
-0.868234309413
-0.55576680584
-0.519639174399
-0.833996032379
-0.478233766882
-0.469285956882
-0.369865006032
-0.438556671704
-0.31365936387
-0.361126529132
-0.846712755558
-0.457644314246
-0.38242077735
-0.415574581043
-1.29311262953
-0.666981173898
-0.641596092683
-0.666118933955
-0.519639174399
-0.833996032379
-0.627826245377
-0.469285956882
-0.515054965182
-0.500750723704
-0.31365936387
-0.361126529132
-0.846712755558
-0.453409742611
-0.426614330684
-0.739012967953
-0.847426694629
-0.729825013428
-0.840396695574
-0.821741212933
-0.503950110169
-0.833996032379
-0.527776802787
-0.461725339587
-0.921273560861
-0.457755656311
-0.416629997393
-0.361126529132
-0.611029181018
-0.453409742611
-0.426614330684
-0.508276821231
-0.628716138303
-0.729825013428
-0.89555847418
-0.850927185942
-0.353154413258
-0.833996032379
-0.419686291908
-0.565225414546
-0.921273560861
-0.528506773632
-0.667057955036
-0.479840601893
-0.768662858648
-0.502985077466
-0.649445850788
-0.831208114054
-0.667489887484
-0.765174199484
-0.89555847418
-0.88052144624
-0.353154413258
-0.833996032379
-0.689174017191
-0.484021005301
-0.921273560861
-0.528506773632
-0.667057955036
-0.542915597192
-0.614512700435
-0.367592260948
-0.476637631597
-0.831208114054
-0.667489887484
-0.770555185396
-0.564041997451
-0.88052144624
-0.515031795289
-0.712839984543
-0.689174017191
-0.674965800228
-0.399308005492
-0.439052109769
-0.702426317521
-0.542915597192
-0.754297594089
-0.423514738338
-0.476637631597
-0.831208114054
-0.474016886032
-0.776547259315
-0.678593223972
-0.665973771553
-0.414284592775
-0.812601462363
-0.689174017191
-0.654580394432
-0.500352212199
-0.393065780377
-0.702426317521
-0.433043273545
-0.653035349259
-0.465327602375
-0.65014143422
-0.831208114054
-0.366889638578
-0.776547259315
-0.689248771976
-0.665973771553
-0.603647352356
-0.577000792339
-0.584772811754
-0.516232408228
-1.65854678236
-0.393065780377
-0.47473539187
-0.43233470494
-0.563625316883
-0.427879381646
-0.65014143422
-0.570503408559
-0.483823941602
-0.776547259315
-0.689248771976
-0.665973771553
-0.647582244631
-0.781913674881
-1.05818891905
-0.338606809166
-1.65854678236
-0.393065780377
-2.3696921337
-0.526728202407
-0.563625316883
-0.475368829075
-0.65014143422
-0.661356848931
-0.454826378202
-0.731060171261
-1.07052791808
-0.665973771553
-0.647582244631
-0.611865650641
-0.664459195879
-0.520268835388
-1.48338844189
-0.393065780377
-2.3696921337
-0.597420132767
-0.563625316883
-0.504571414455
-0.65014143422
-0.858580169773
-0.383238148847
-0.731060171261
-0.968823699466
-0.665973771553
-0.647582244631
-0.762059236256
-0.602648227816
-0.560905358048
-1.15574510701
-0.393065780377
-0.544420548867
-0.716716314148
-0.744625411903
-0.668924185496
-0.465889120253
-0.858580169773
-0.383238148847
-0.523463760629
-0.983410507048
-0.665973771553
-0.579594371615
-0.762059236256
-0.571007602948
-0.560905358048
-0.371727370988
-0.393065780377
-0.475007662647
-0.716716314148
-0.744625411903
-0.728898864635
-0.532501700341
-0.727755342215
-0.383238148847
-0.475749036697
-0.740600085715
-0.75474112941
-0.614124458923
-0.762059236256
-0.485879849699
-0.73354447175
-0.371727370988
-0.393065780377
-0.475007662647
-0.484580631653
-0.744625411903
-0.688013435534
-0.532501700341
-0.727755342215
-0.383238148847
-0.466332411976
-0.707645117088
-0.659376350725
-0.559580236841
-0.731490218196
-0.512170851932
-0.669458188292
-0.988615450852
-0.811374932868
-0.689416650871
-0.344916196164
-0.744625411903
-0.688013435534
-0.532501700341
-0.671100968694
-0.383238148847
-0.860971308641
-0.707645117088
-0.659376350725
-0.360130970994
-0.731490218196
-0.446537869932
-0.5207707599
-1.64833981187
-0.601480641415
-1.32099874415
-0.346576253634
-0.744625411903
-0.79680441112
-0.543520061195
-0.451742643595
-0.290234141703
-0.860971308641
-0.707645117088
-0.725505515595
-0.360070827734
-0.450735201753
-0.479230829792
-0.5207707599
-1.64833981187
-0.601480641415
-0.456951321733
-0.33922225238
-0.744625411903
-0.79680441112
-0.543520061195
-0.668328957631
-0.290234141703
-0.860971308641
-0.574090559812
-0.749356825743
-0.46566917096
-0.551016596123
-0.523487683978
-0.618418514008
-1.64833981187
-0.730176989163
-1.0758018114
-0.355684103053
-0.744625411903
-0.743539956874
-0.543520061195
-0.475740515618
-0.428487826747
-0.591638554002
-0.677333081488
-0.749356825743
-0.813142626298
-0.490998191715
-0.868096767786
-0.588822813379
-1.64833981187
-1.05151642921
-0.427720784822
-0.398075666144
-0.744625411903
-0.780486430809
-0.543520061195
-0.63755121906
-0.482543369115
-0.591638554002
-0.625275150702
-0.749356825743
-0.550380161352
-0.512293887684
-0.630488338886
-0.486882243912
-1.64833981187
-1.09313518957
-0.430253925672
-0.41480090361
-0.744625411903
-0.526528287525
-0.419293436864
-0.63755121906
-0.482543369115
-0.801296024823
-0.661296454904
-0.742583872446
-0.702330866479
-0.512293887684
-0.620948247147
-0.49343114418
-1.45847308425
-1.09313518957
-0.954557866838
-0.394649584656
-0.744625411903
-0.435653029654
-0.49194203976
-0.600529302069
-0.397249008508
-0.801296024823
-0.582895841382
-0.742583872446
-0.59651054783
-0.465980776347
-0.358598338796
-0.432079902776
-1.84215987004
-0.946411919888
-0.464012001042
-0.623757435079
-0.744625411903
-0.413791094358
-0.368815386391
-0.488800229897
-0.474526651258
-0.801296024823
-0.524761061015
-0.742583872446
-0.603593617536
-0.391887153843
-0.433178406322
-0.659548961965
-1.84215987004
-0.946411919888
-0.363540438273
-0.341355997764
-0.659421944547
-0.413791094358
-0.641254468937
-0.609858617215
-0.332899105662
-0.801296024823
-0.524761061015
-0.47068717009
-0.603593617536
-0.391887153843
-0.449452658074
-0.517962418024
-1.84215987004
-0.946411919888
-0.915798848048
-0.341355997764
-0.429038577209
-0.551007100677
-0.613681665738
-0.523533897951
-0.339686131748
-0.801296024823
-0.524761061015
-0.682024740121
-0.603593617536
-0.391887153843
-0.449452658074
-0.634190433671
-0.877029119974
-0.946411919888
-0.484774740431
-0.77531693038
-0.429038577209
-0.935156663346
-0.613681665738
-0.523533897951
-0.339686131748
-0.77538405979
-0.819097383063
-0.663335861743
-0.603593617536
-0.443183373711
-0.387957183349
-0.5919495853
-0.877029119974
-0.946411919888
-0.613715846553
-1.03848597529
-0.455612889389
-0.829557178456
-0.684748647937
-0.693547541455
-0.339686131748
-0.77538405979
-0.48146562228
-0.624738406335
-0.750381532537
-0.53985929648
-0.601444016668
-0.496975342423
-1.02489401445
-1.34856842127
-0.431653012413
-0.809297031993
-0.654736167447
-0.829557178456
-0.684748647937
-0.693547541455
-0.339686131748
-0.77538405979
-0.559577880965
-0.827526343729
-0.750381532537
-0.6660745698
-0.379996336287
-0.593624574003
-0.727649808551
-1.34856842127
-0.431653012413
-0.529603588758
-0.654736167447
-0.829557178456
-0.684748647937
-0.693547541455
-0.339686131748
-0.754806924225
-0.407742741018
-0.645167816593
-0.854061603695
-0.666940043285
-0.729180742376
-0.58205567501
-0.543149330718
-1.34856842127
-0.431653012413
-0.459838261737
-0.654736167447
-0.829557178456
-0.54308715057
-0.771433088065
-0.339686131748
-0.754806924225
-0.407742741018
-0.645167816593
-0.458656148028
-0.666940043285
-0.683134216266
-0.539739117821
-0.821944622973
-0.921404716237
-0.431653012413
-0.604574078798
-0.69091356946
-0.829557178456
-0.54308715057
-0.70313291317
-0.409467746999
-0.83467540475
-0.407742741018
-0.645167816593
-0.494408465766
-0.883502901902
-0.43132113492
-0.703062703011
-0.821944622973
-1.00837568701
-0.399620851228
-0.776625733132
-0.69091356946
-0.829557178456
-0.499435835421
-0.616551281587
-0.409467746999
-0.728482939063
-0.407742741018
-0.679375219642
-0.425579326053
-0.845931925505
-0.315612954545
-0.703062703011
-0.821944622973
-0.657760599924
-0.448380851173
-0.776625733132
-0.69091356946
-0.853109338278
-0.375816779815
-0.616551281587
-0.399563539182
-0.581834810208
-0.493450128098
-0.679375219642
-0.825466325696
-0.845931925505
-0.527652798914
-0.678424664887
-0.821944622973
-0.845214578592
-0.559531497415
-0.710019045542
-0.69091356946
-0.775894648039
-0.634244236078
-0.733152611828
-0.419596851081
-0.502267074963
-0.405701277795
-0.693113395335
-0.623763226903
-0.845931925505
-0.527652798914
-0.597659123114
-0.850355999033
-0.845214578592
-0.815052179029
-0.700001696342
-0.670404360763
-0.59017414453
-0.551802064405
-0.705593797553
-0.419596851081
-0.502267074963
-0.462025953426
-0.693113395335
-0.595085377332
-0.868594899034
-0.527652798914
-0.656924964485
-0.973140628407
-0.845214578592
-0.333884390826
-0.700001696342
-0.965694795614
-0.504708080785
-0.5470468496
-0.705593797553
-0.435417208623
-0.424435749623
-0.462025953426
-0.426003058242
-0.597269633695
-0.868594899034
-0.527652798914
-0.656924964485
-0.973140628407
-0.845214578592
-0.487946434086
-0.616027809216
-0.965694795614
-0.590263065878
-0.613512461973
-0.74291624456
-0.435417208623
-0.424435749623
-0.487124933671
-0.400930366716
-0.725651642604
-0.814693677579
-0.641465357506
-0.584965180296
-0.535194464609
-0.816493207956
-0.394042257086
-0.689796714482
-0.665273091513
-0.661269463294
-0.595456626995
-0.74291624456
-0.476305869573
-0.543185134987
-0.473100646829
-0.581058212607
-0.426666065669
-0.699642523651
-0.641465357506
-0.641214054207
-0.535194464609
-0.816493207956
-0.430264205533
-0.588341994894
-0.665273091513
-0.595417729111
-0.464672790274
-0.747420368868
-0.476305869573
-0.755183002396
-0.578615600425
-0.738686909497
-0.673739690283
-0.776674312634
-0.783335061762
-0.611468025572
-0.535194464609
-0.816493207956
-0.430264205533
-0.725065672921
-0.665273091513
-0.442009812654
-0.577111460597
-0.747420368868
-0.415266839287
-0.707723127144
-0.838092952713
-0.738686909497
-0.673739690283
-0.769883234169
-0.736233953339
-0.661901746811
-0.535194464609
-0.816493207956
-0.465753063185
-0.742235411778
-0.639930643656
-0.520903875691
-0.578089367079
-0.747420368868
-0.45244563679
-0.676466847536
-0.913003527242
-0.738686909497
-0.796959467323
-0.687392650609
-0.736233953339
-0.587456156442
-0.535194464609
-0.816493207956
-0.465753063185
-0.742235411778
-0.639930643656
-0.465150392975
-0.446747315319
-0.82990488289
-0.45244563679
-0.7365604795
-0.699937567016
-0.805115780825
-0.79311231047
-0.665042542892
-0.736233953339
-0.497002560658
-0.535194464609
-0.816493207956
-0.387045988761
-0.825120963266
-0.639930643656
-0.550971955777
-0.446747315319
-0.868038724377
-0.45244563679
-0.7365604795
-0.493450023902
-0.805115780825
-0.806083614781
-0.665042542892
-0.488466842432
-0.64563246375
-0.535194464609
-0.40995689514
-0.387045988761
-0.825120963266
-0.639930643656
-0.756201844038
-0.42650289708
-0.868038724377
-0.45244563679
-0.704922225332
-0.665455950608
-0.805115780825
-0.717230159618
-0.665042542892
-0.488466842432
-0.64563246375
-0.535194464609
-0.593925469425
-0.432910940569
-0.910760446414
-0.639930643656
-0.598793878574
-0.519083081437
-0.953907046709
-0.45244563679
-0.704922225332
-0.704281708374
-0.805115780825
-0.717230159618
-0.807404941654
-0.544773203752
-0.649241649224
-0.505926523903
-0.774837245464
-0.440554300873
-0.833008632491
-0.639930643656
-0.598793878574
-0.369547845153
-0.953907046709
-0.45244563679
-0.700685048643
-0.704281708374
-0.726261904522
-0.644342469974
-0.548619561023
-0.544773203752
-0.649241649224
-0.505926523903
-0.774837245464
-0.859621227404
-0.768979986674
-0.639930643656
-0.495640106726
-0.386830541148
-0.953907046709
-0.45244563679
-0.700685048643
-0.697878774219
-0.726261904522
-0.741540215245
-0.62528732866
-0.544773203752
-0.649241649224
-0.436388931402
-0.774837245464
-1.4271631491
-0.813820711426
-0.639930643656
-0.495640106726
-0.849225732531
-0.953907046709
-0.45244563679
-0.700685048643
-0.627507793703
-0.726261904522
-0.741540215245
-0.660849162959
-0.549384167157
-0.516611047132
-0.41559957275
-0.774837245464
-1.4271631491
-0.813820711426
-0.639930643656
-0.446676743408
-0.849225732531
-0.60400812452
-0.45244563679
-0.753617594058
-0.627507793703
-0.726261904522
-0.741540215245
-0.536538938857
-0.511841555178
-0.501203981083
-0.41559957275
-0.774837245464
-1.4271631491
-0.813820711426
-0.639930643656
-0.6041668999
-0.49483013017
-0.889254827574
-0.45244563679
-0.753617594058
-0.593831399675
-0.69738923704
-0.741540215245
-0.536538938857
-0.421179363331
-0.544600243591
-0.41559957275
-0.508645991176
-1.7145893055
-0.813820711426
-0.639930643656
-0.649502001702
-0.447053411
-0.794897485935
-0.49507460759
-0.624054898402
-0.605848743783
-0.764111389342
-0.741540215245
-0.464889202639
-0.421179363331
-0.635871433854
-0.514518838035
-0.508645991176
-1.7145893055
-0.813820711426
-0.554678073072
-0.649502001702
-0.408779020073
-0.794897485935
-0.49507460759
-0.624054898402
-0.722083338455
-0.643375686824
-0.675509566144
-0.600769072356
-0.408102456473
-0.447188889329
-0.511022912447
-0.508645991176
-1.15326735499
-0.813820711426
-0.572853693602
-0.649502001702
-0.374476836359
-0.809756928127
-0.484247657532
-0.613132540927
-0.663523527799
-0.70163113436
-0.675509566144
-0.600769072356
-0.432845253306
-0.503526241688
-0.575156272355
-0.4705993156
-1.15326735499
-0.878735988717
-0.606386487825
-0.649502001702
-0.347288446981
-0.809756928127
-0.358827787873
-0.613132540927
-0.528471341077
-0.75109622527
-0.665665849111
-0.347574366499
-0.41405317003
-0.503526241688
-0.361885215197
-0.534698358454
-1.15326735499
-0.878735988717
-0.628325918853
-0.649502001702
-0.350742178641
-0.687327795115
-0.454700351781
-0.728687765443
-0.528471341077
-0.75109622527
-0.594571317373
-0.376503993122
-0.468875888209
-0.432334407643
-0.418876000929
-0.456183564165
-1.15326735499
-0.708277680888
-0.409247372142
-0.649502001702
-0.333588959593
-0.687327795115
-0.482477684738
-0.680475243861
-0.675513279908
-0.725788914007
-0.594571317373
-0.308919827708
-0.468875888209
-0.444555697843
-0.598644593223
-0.626370228882
-1.15326735499
-0.708277680888
-0.409247372142
-0.649502001702
-0.476768886125
-0.689896084822
-0.475226973385
-0.620353294098
-0.675513279908
-0.705046210922
-0.77360270086
-0.327181692965
-0.385699058204
-0.444555697843
-0.598644593223
-0.579581789158
-1.15326735499
-0.708277680888
-0.409247372142
-0.613939693553
-0.476768886125
-0.642631065612
-0.412457766157
-0.606123070606
-0.516534788622
-0.831765766911
-0.77360270086
-0.345600333511
-0.385699058204
-0.506600231514
-0.598644593223
-0.438428990075
-0.459537318776
-0.708277680888
-0.515761663331
-0.675645421809
-0.395430457457
-0.662836675375
-0.817144586778
-0.745548704654
-0.567503353395
-0.801188667378
-0.615806974016
-0.464924171542
-0.385699058204
-0.506600231514
-0.533683712528
-0.375057372061
-0.459537318776
-0.708277680888
-0.515761663331
-0.755537604217
-0.504119888429
-0.502609502525
-0.817144586778
-0.745548704654
-0.666154210897
-0.486877413612
-0.57542217178
-0.388701679809
-0.385699058204
-0.452843966782
-0.652982169248
-0.375057372061
-0.389349211768
-0.789465489315
-0.515761663331
-0.797220483825
-0.377938226885
-0.502609502525
-0.817144586778
-0.745548704654
-0.524996193694
-0.572443344533
-0.57542217178
-0.683880360644
-0.395983641124
-0.452843966782
-0.838745293258
-0.457654201258
-0.48289861317
-0.783017897582
-0.515761663331
-0.777580351063
-0.365254493651
-0.502609502525
-0.817144586778
-0.840624344181
-0.492079506429
-0.621961958922
-0.516875608056
-0.57051374251
-0.395983641124
-0.482769297848
-0.838745293258
-0.439733143859
-0.477288097309
-0.783017897582
-0.515761663331
-0.763083887693
-0.365254493651
-0.698577617785
-0.571868020638
-0.948889806735
-0.466714609864
-0.791830710766
-0.516875608056
-0.57051374251
-0.427000524416
-0.558383388602
-0.838745293258
-0.364581772628
-0.507875388098
-0.783017897582
-0.545614192331
-0.654427508913
-0.448112572003
-0.698577617785
-0.379570873524
-0.912360679058
-0.492847411762
-0.729527962295
-0.49964595402
-0.672380552064
-0.543132249252
-0.487554454345
-0.838745293258
-0.559214654764
-0.664114874771
-0.783017897582
-0.517206377697
-0.659313593605
-0.448112572003
-0.698577617785
-0.379570873524
-0.912360679058
-0.542027366911
-0.730096800854
-0.556276744375
-0.437622915279
-0.383263555692
-0.835255799787
-0.648546042518
-0.536411709778
-0.545259858507
-0.783017897582
-0.519117838075
-0.659313593605
-0.44102218141
-0.607064640231
-0.414821954155
-0.737662173585
-0.542027366911
-0.837457503785
-0.480557690183
-0.706227014585
-0.390100848805
-0.711664268714
-0.662744681113
-0.536411709778
-0.553395856125
-0.947695100498
-0.611199685163
-0.787148536791
-0.44102218141
-0.642115850305
-0.408887746081
-0.547041126143
-0.661032151236
-0.802890482742
-0.480557690183
-0.400386465085
-0.341462682671
-0.892482673546
-0.561328530094
-0.536411709778
-0.421711530574
-0.947695100498
-0.62856682394
-0.787148536791
-0.471778176938
-0.662186548315
-0.408887746081
-0.659975896883
-0.548327608837
-0.843721027855
-0.583560077879
-0.372078992734
-0.568487794344
-0.87891280944
-0.538860919041
-0.536411709778
-0.410351725936
-0.638772906313
-0.695094265401
-0.722735646356
-0.384221846729
-0.662186548315
-0.413881258168
-0.699540073393
-0.564265588526
-0.818768587848
-0.508951110365
-0.386449470111
-0.484250270113
-0.987835405719
-0.581019596036
-0.477794513554
-0.410351725936
-0.704959736945
-0.708144521825
-0.722735646356
-0.614635315364
-0.662186548315
-0.341089813298
-0.65384467953
-0.463349260592
-0.818768587848
-0.622129504599
-0.386449470111
-0.905268324657
-0.838388103934
-0.793846583117
-0.477794513554
-0.38123848042
-0.72211152308
-0.614368913013
-0.722735646356
-0.695389197367
-0.662186548315
-0.341089813298
-0.829598354644
-0.549458187511
-0.965805265846
-0.622129504599
-0.4463507376
-0.905268324657
-0.838388103934
-0.666779066949
-0.544799179531
-0.38123848042
-0.649056323673
-0.614368913013
-0.722735646356
-0.681185807672
-0.747610971891
-0.341089813298
-0.829598354644
-0.474024830133
-0.817700129318
-0.705881487145
-0.680566003206
-0.557519383297
-0.838388103934
-0.543715507913
-0.412113789995
-0.516461742017
-0.831313802505
-0.661077132834
-0.722735646356
-0.734322818024
-0.820635597171
-0.386441017257
-0.75339689014
-0.573706747862
-0.773027198221
-0.698243309163
-0.413849939051
-0.692102939683
-0.986903216847
-0.634560543656
-0.531162057124
-0.436619568583
-0.613171811316
-0.620942541013
-0.732418509442
-0.488340755516
-0.820635597171
-0.425209032231
-0.75339689014
-0.5452629415
-0.658081372627
-0.759671308439
-0.442770442664
-0.692102939683
-0.716344464867
-0.679608403397
-0.572241124788
-0.402673162714
-0.635144562645
-0.581679773867
-0.732418509442
-0.581901348458
-0.76683096918
-0.425209032231
-0.74881379121
-0.5452629415
-0.674637772386
-0.632473910713
-0.442770442664
-0.708877671695
-0.716344464867
-0.679608403397
-0.572733141122
-0.402673162714
-0.635144562645
-0.844965723717
-0.750091471102
-0.518970837856
-0.688023199361
-0.425209032231
-0.841171452072
-0.5452629415
-0.674637772386
-0.718519209288
-0.739456287394
-0.708877671695
-0.825056937804
-0.640259580748
-0.460476865283
-0.402673162714
-0.635144562645
-0.844965723717
-0.795733499063
-0.572629014726
-0.808395643586
-0.375534407569
-0.841171452072
-0.5452629415
-0.694230657747
-0.630677178515
-0.442454847084
-0.708877671695
-0.907431552312
-0.702817727449
-0.460476865283
-0.402673162714
-0.635144562645
-0.752502506896
-0.905974055589
-0.529309049894
-0.808395643586
-0.382805359346
-0.843912089212
-0.5452629415
-0.694230657747
-0.630677178515
-0.381594631307
-0.708877671695
-0.907431552312
-0.702817727449
-1.32369937115
-0.499599710878
-0.604038216869
-0.752502506896
-0.760117365391
-0.507153077206
-0.765803316224
-0.522803325158
-0.843912089212
-0.495014651257
-0.804068614818
-0.630677178515
-0.435736939138
-0.574898727297
-0.851896111788
-0.702817727449
-1.32369937115
-0.499848353287
-0.643112022259
-0.753981174925
-0.837565214632
-0.507153077206
-0.472464503724
-0.583992323708
-0.746006265448
-0.417051892876
-0.804068614818
-0.630677178515
-0.435736939138
-0.488008462961
-0.739691117063
-0.702817727449
-1.32369937115
-0.542291054551
-0.59853942657
-0.702983754702
-0.995800281764
-0.572019541388
-0.685186840678
-0.608794060965
-0.794139942121
-0.417051892876
-0.721200067205
-0.610431006175
-0.680608897691
-0.488008462961
-0.701166534358
-0.702817727449
-1.32369937115
-0.366577558986
-0.532763167281
-0.694906309378
-0.742101734909
-0.677210728627
-0.658427933893
-0.77579961937
-0.563117496092
-0.417051892876
-0.679420087756
-0.766767846739
-0.528461816057
-0.488008462961
-0.6331132957
-0.702817727449
-0.480785532916
-0.398892126411
-0.532763167281
-0.694906309378
-0.742101734909
-0.684631946274
-0.634130717071
-0.624235580711
-0.631813740464
-0.417051892876
-0.710853385026
-0.711631025294
-0.561839797264
-0.553032582286
-0.694757695391
-0.738182503846
-0.427187890103
-0.400286940987
-0.532763167281
-0.694906309378
-0.764309227481
-0.509120276557
-0.622033718948
-0.681048945745
-0.541769867384
-0.417051892876
-0.710853385026
-0.711631025294
-0.561839797264
-0.553032582286
-0.567025805543
-0.62506685934
-0.978496856767
-0.398625800221
-0.489204881736
-0.795558600753
-0.786965917445
-0.509120276557
-0.529365116774
-0.667670963958
-0.541769867384
-0.417051892876
-0.821831562511
-0.66693858971
-0.543998792005
-0.553032582286
-0.50105517194
-0.792044306337
-0.391767378427
-0.398625800221
-0.644201566588
-0.795558600753
-0.786965917445
-0.558711628634
-0.529365116774
-0.667670963958
-0.541769867384
-0.417051892876
-0.853620177239
-0.66693858971
-0.503749341742
-0.459945413188
-0.50105517194
-0.690851336764
-0.389287572334
-0.503761122065
-0.714675635393
-0.795558600753
-0.737561136907
-0.679819340949
-0.685729354132
-0.718272624498
-0.541769867384
-0.46134762219
-0.800099370605
-0.728464934164
-0.471258266289
-0.459945413188
-0.50105517194
-0.690851336764
-0.614064635451
-0.503761122065
-0.714675635393
-0.795558600753
-0.693968916665
-0.76852619188
-0.685729354132
-0.738625805003
-0.651323959532
-0.46134762219
-0.787155181038
-0.728464934164
-0.467931361558
-0.459945413188
-0.50105517194
-0.557482796771
-2.06236124218
-0.477733573737
-0.714675635393
-0.787151472422
-0.645268417361
-0.565016831597
-0.595700124535
-0.543626776706
-0.501017782139
-0.46134762219
-0.787155181038
-0.728464934164
-0.46047750258
-0.459945413188
-0.50105517194
-0.495904579805
-2.06236124218
-0.544121376914
-0.714675635393
-0.740474478126
-0.645268417361
-0.687432195562
-0.595700124535
-0.834753349824
-0.367613740406
-0.427588836018
-0.787155181038
-0.720705702968
-0.460107024731
-0.520634142022
-0.500553699655
-0.507735092751
-0.788029052181
-0.527842548626
-0.600877289894
-0.740474478126
-0.576523933131
-0.44038850198
-0.595700124535
-0.834753349824
-0.49602719961
-0.427588836018
-0.787155181038
-0.730360211422
-0.46643578181
-0.529846684877
-0.434638121216
-0.493438872861
-0.43969653854
-0.527842548626
-0.600877289894
-0.740474478126
-0.576523933131
-0.541883202478
-0.610163525369
-0.834753349824
-0.49602719961
-0.472120877879
-0.787155181038
-0.691212069792
-0.46643578181
-0.529846684877
-0.434638121216
-0.613845172987
-0.505269215791
-0.668626982742
-0.600877289894
-0.918195574736
-0.576523933131
-0.449766418942
-0.505553895128
-0.834753349824
-1.94435939569
-0.525839090533
-0.708057258854
-0.65381224207
-0.527017999576
-0.500363406473
-0.434638121216
-0.826192955683
-0.544394239092
-0.774281654017
-0.600877289894
-0.712743001486
-0.576523933131
-0.544008213897
-0.505553895128
-0.834753349824
-0.829922759577
-0.525839090533
-0.712772936655
-0.65381224207
-0.558417615226
-0.500363406473
-0.423696461971
-0.771433946968
-0.430568099838
-0.788178946385
-0.600877289894
-0.632193967478
-0.576523933131
-0.493329619325
-0.521295411642
-0.834753349824
-0.590808629697
-0.590581950626
-0.712772936655
-0.65381224207
-0.45691640836
-0.47007315108
-0.3158043291
-0.771433946968
-0.394276281467
-0.808413846429
-0.600877289894
-0.811223769538
-0.576523933131
-0.468287613257
-0.51975245524
-0.834753349824
-0.590808629697
-0.67773147913
-0.712772936655
-0.65381224207
-0.367120942226
-0.47007315108
-0.371940227752
-0.771433946968
-0.530475351378
-0.808413846429
-0.645239516813
-0.811223769538
-0.586405526166
-0.544031076815
-0.51975245524
-0.834753349824
-0.590808629697
-0.842650894051
-0.785619692426
-0.65381224207
-0.355479991227
-0.466781681222
-0.397263689459
-0.771433946968
-0.368145229583
-0.855155572966
-0.658998940745
-0.727110630654
-0.602231705865
-0.544031076815
-0.568990637316
-0.552718926506
-1.1995574226
-0.842650894051
-0.785619692426
-0.65381224207
-0.537645794327
-0.477951041324
-0.484763663622
-0.708263571946
-0.368145229583
-0.75049929992
-0.478079968363
-0.989190632305
-0.602231705865
-0.534992140647
-0.568990637316
-0.552718926506
-1.1995574226
-0.842650894051
-0.785619692426
-0.65381224207
-0.375986724663
-0.477951041324
-0.408128908243
-0.660160108957
-0.453407065384
-0.75049929992
-0.478079968363
-0.95666684
-0.902671899331
-0.613760376606
-0.36629060254
-0.552718926506
-1.1995574226
-0.70139281317
-0.785619692426
-0.671878095268
-0.466142666838
-0.477951041324
-0.365606885387
-0.660160108957
-0.524420060532
-0.75049929992
-0.478079968363
-0.763801932857
-0.685246833256
-0.853021110299
-0.353646504418
-0.552718926506
-1.1995574226
-0.70139281317
-0.799920465285
-0.832943225503
-0.466142666838
-0.477951041324
-0.365606885387
-0.660160108957
-0.86495087348
-0.75049929992
-0.614261033051
-0.763801932857
-0.990075392925
-0.633132883739
-0.439163298258
-0.552718926506
-0.933232521218
-0.876615534443
-0.762374448482
-0.832943225503
-0.466142666838
-0.477951041324
-0.482965254472
-0.660160108957
-0.707378752448
-0.658869818859
-0.614261033051
-0.617534373185
-0.990075392925
-0.633132883739
-0.514154816586
-0.781327758049
-0.933232521218
-0.876615534443
-0.746079027377
-0.832943225503
-0.484826701632
-0.600904322171
-1.02946761607
-0.570061035904
-0.560242629315
-0.704662924902
-0.554774483882
-0.535033806145
-0.990075392925
-0.560900904584
-0.428356020957
-0.722579807368
-0.933232521218
-1.0671932494
-0.821804216991
-0.832943225503
-0.484826701632
-0.501416971776
-0.483983613904
-0.570061035904
-0.522289545419
-0.591345603861
-0.770618502679
-0.535033806145
-0.990075392925
-0.500297013024
-0.428356020957
-0.718367388159
-1.14186407085
-1.01225883375
-0.738843233275
-0.832943225503
-0.480744536124
-0.501416971776
-0.527949279476
-0.570061035904
-0.522289545419
-0.671278477348
-0.770618502679
-0.535033806145
-0.990075392925
-0.550866066713
-0.428356020957
-0.718367388159
-1.33366593115
-0.849937840936
-0.432542055536
-0.832943225503
-0.616481230679
-0.543159853826
-0.527949279476
-0.511568999765
-0.577413356593
-0.946453230106
-0.770618502679
-0.626459233126
-0.811339182732
-0.482310444944
-0.791214967575
-0.718367388159
-1.33366593115
-0.849937840936
-0.406758271353
-0.546748092859
-0.718719164307
-0.745993004151
-0.527949279476
-0.492823771356
-0.714414120492
-1.07109286224
-0.634569979477
-0.653274534955
-0.709039166535
-0.793324087685
-0.901904092542
-0.806941837238
-1.33366593115
-0.75923858866
-0.558010178343
-0.436894860651
-0.567290911867
-0.812429306031
-0.913651787401
-0.492823771356
-0.714414120492
-0.874012876241
-0.634569979477
-0.653274534955
-0.898703003797
-0.793324087685
-0.901904092542
-0.806941837238
-1.72522508742
-0.75923858866
-0.436398784191
-0.473077219314
-0.391205771843
-0.812429306031
-0.470276569384
-0.400662956405
-0.714414120492
-0.874012876241
-0.524453449
-0.653274534955
-0.958596836976
-0.793324087685
-0.59542618079
-0.745884140666
-1.72522508742
-0.75923858866
-0.436398784191
-0.473077219314
-0.386166962364
-0.812429306031
-0.42228641937
-0.443999968203
-0.707239821162
-0.828961983239
-0.524453449
-0.653274534955
-0.813304760339
-0.793324087685
-0.742317938166
-0.642513198884
-1.30346820809
-0.75923858866
-0.500293227976
-0.428133791088
-0.386166962364
-1.05155788357
-0.374282198277
-0.443999968203
-0.707239821162
-0.828961983239
-0.524453449
-0.841622572944
-0.953456144418
-0.734527999599
-0.897862944223
-0.635155994318
-0.388086213529
-0.807388196568
-0.500293227976
-0.488002458455
-0.440100675221
-0.892275304584
-0.41925731439
-1.76050125493
-0.4253926819
-0.967298421895
-0.524453449
-0.841622572944
-0.744483481359
-0.593667256564
-0.808549579088
-0.635155994318
-0.539256779847
-0.691312555002
-0.435707970388
-0.454221369981
-0.405139192622
-0.884238977619
-0.601091713639
-1.12836158657
-0.4253926819
-0.967298421895
-0.524453449
-0.841622572944
-0.840068664321
-0.593667256564
-0.808549579088
-0.635155994318
-0.539256779847
-0.838115932274
-0.703392683961
-0.467840822971
-0.482439570858
-0.918056867824
-0.601091713639
-1.12836158657
-0.455856204897
-0.967298421895
-0.524453449
-0.339302166559
-0.821814829122
-0.593667256564
-0.808549579088
-0.467086757476
-0.539256779847
-0.838115932274
-0.771459620616
-0.467840822971
-0.50749314967
-0.793762233586
-0.601091713639
-0.942306077188
-0.564432431033
-0.967298421895
-0.524453449
-0.411521778136
-0.956831180744
-0.593667256564
-0.808549579088
-0.44794238898
-0.372170884766
-0.620999026084
-0.731287242152
-0.539218739396
-0.472294208584
-0.615115443603
-0.601091713639
-0.942306077188
-0.641886130288
-0.967298421895
-0.708583987894
-0.648272742208
-0.956831180744
-0.593667256564
-0.808549579088
-0.375081172694
-0.388398006708
-0.506581131421
-0.731287242152
-0.539218739396
-0.470777718381
-0.545964748847
-0.601091713639
-1.36542832471
-0.433390490622
-0.996352113555
-0.708583987894
-0.492472140197
-0.956831180744
-0.735178807397
-0.820299341966
-0.358147088654
-0.445585979207
-0.506581131421
-0.731287242152
-0.761402272031
-0.470777718381
-0.622864523966
-0.415901881626
-1.36542832471
-0.433390490622
-0.701832051378
-0.703785381414
-0.550926737261
-0.651618151625
-0.762798973547
-0.857444141954
-0.358147088654
-0.420122634748
-0.874024212101
-0.798467178582
-1.02190674606
-0.394582615825
-0.622864523966
-0.415901881626
-1.99163801981
-0.525678894041
-0.756649290137
-0.703785381414
-0.550926737261
-0.763041896106
-0.888726149247
-0.857444141954
-0.396026767446
-0.53010717652
-1.12060146129
-0.798467178582
-0.889376701409
-0.579945709539
-0.733915640398
-0.532308930748
-1.99163801981
-0.451792910635
-0.753386430346
-0.695877712051
-0.490092275181
-0.566773742516
-0.697814267661
-0.822100223702
-0.396026767446
-0.512733906406
-0.630086646739
-0.75431578787
-0.889376701409
-0.460043895729
-0.611928624857
-0.662830833362
-1.99163801981
-0.459759008593
-0.607217283586
-0.629572091527
-0.470546132821
-0.566773742516
-0.787149122236
-0.822100223702
-0.545301677865
-0.576330357856
-0.630086646739
-0.75431578787
-0.832532104883
-0.397545818465
-0.706583431473
-0.653562995918
-1.99163801981
-0.459759008593
-0.607217283586
-0.629572091527
-0.470546132821
-0.566773742516
-0.787149122236
-0.822100223702
-0.576765721956
-0.458782958863
-0.833403134252
-0.669346845875
-0.521469414032
-0.790161079643
-0.706583431473
-0.650341636617
-1.83557417902
-0.67596576873
-0.788742084057
-0.581199366356
-0.470546132821
-0.461594658162
-0.659220951823
-0.87458872446
-0.471055961904
-0.458782958863
-0.775601201298
-0.640359336325
-0.521469414032
-0.989962970059
-0.597416568106
-0.639583877552
-1.23612697654
-0.67596576873
-0.788742084057
-0.581199366356
-0.732828061201
-0.461594658162
-0.659220951823
-0.662386033029
-0.44421899465
-0.455689912094
-1.15144610421
-0.770636588568
-0.741693182859
-0.989962970059
-0.650228647747
-0.807136291779
-0.954103733178
-0.501602357148
-0.948854669329
-0.581199366356
-0.732828061201
-0.461594658162
-0.659220951823
-0.662386033029
-0.44421899465
-0.430873138739
-1.02919173703
-0.624508753297
-0.621216739454
-0.424771788637
-0.678323547816
-0.712373116848
-0.954103733178
-0.501602357148
-0.513122283638
-0.460271271534
-0.732828061201
-0.54942854995
-0.68152028795
-0.665086458507
-0.475623563808
-0.430873138739
-1.02919173703
-0.695018394839
-0.621216739454
-0.562673801629
-0.522422248812
-0.993571689949
-0.533938571998
-0.48461408732
-0.764042586983
-0.460271271534
-0.732828061201
-0.54942854995
-0.68152028795
-0.665086458507
-0.665005855403
-0.411512153096
-0.784368295052
-0.695018394839
-0.894482205596
-0.590577344963
-0.38320871132
-0.993571689949
-0.424542904436
-1.60733124538
-0.764042586983
-0.67118089217
-0.780263100389
-1.16086396676
-0.68152028795
-0.760995057412
-0.798558064782
-0.481881038829
-1.10202711104
-0.780146959761
-0.765130265143
-0.590577344963
-0.507734150501
-0.993571689949
-0.523643931719
-2.61439346824
-0.764042586983
-0.455443437629
-0.818642363436
-1.16086396676
-0.68152028795
-0.712833852542
-0.798558064782
-0.521520924683
-1.10202711104
-0.661310534518
-0.765130265143
-0.590577344963
-0.487271674293
-0.841526256782
-0.574697936262
-2.61439346824
-0.7246307692
-0.455443437629
-0.481101197773
-1.16086396676
-0.65146678968
-0.922194206516
-0.798558064782
-0.568321520803
-1.10202711104
-0.808620293145
-0.561883449779
-0.457083132026
-0.487271674293
-0.743075939944
-0.616770286353
-0.515395939051
-0.786605388643
-0.548270922098
-0.470260614067
-1.16086396676
-0.755522236187
-0.922194206516
-0.798558064782
-0.568321520803
-1.08867982078
-0.601376461752
-0.561883449779
-1.40575433276
-0.460740281603
-0.899234384947
-0.616770286353
-0.823111843813
-0.726801262255
-0.548270922098
-0.412684065059
-0.429688438256
-0.755522236187
-0.922194206516
-0.51810500486
-0.568321520803
-1.08867982078
-0.653139611548
-0.561883449779
-1.40575433276
-0.622230314036
-0.779629299951
-0.677177687068
-0.837297595456
-0.726801262255
-0.548270922098
-0.412684065059
-0.429688438256
-0.676563736876
-0.922194206516
-0.458732656716
-0.568321520803
-0.786200232098
-0.597139853093
-0.814045756135
-1.40575433276
-0.687031702168
-0.779629299951
-0.560206812241
-0.50666698663
-0.726801262255
-0.548270922098
-0.412684065059
-0.510834325713
-0.586183215881
-1.04640802098
-0.458732656716
-0.568321520803
-0.681526023822
-0.68634700593
-0.814045756135
-3.73192684197
-0.595745346403
-0.852441337784
-0.426339052107
-0.50666698663
-0.726801262255
-0.753506145963
-0.412684065059
-0.510834325713
-0.854974977286
-1.04171606312
-0.419066054143
-0.612446844498
-0.681526023822
-0.506197049542
-0.764220302821
-2.45498508035
-0.797642283097
-0.852441337784
-0.450398527639
-0.50666698663
-0.816411757895
-0.753506145963
-0.480081285103
-0.427014008207
-0.638521676641
-1.04171606312
-0.419066054143
-0.425026673306
-0.739771049372
-0.506197049542
-0.764220302821
-2.45498508035
-0.591846719284
-0.796038288145
-0.496786522525
-0.50666698663
-0.688806365715
-0.615489148579
-0.480081285103
-0.427014008207
-0.57805533548
-0.579376057603
-0.652868841512
-0.425026673306
-0.765775349629
-0.423929599726
-0.764220302821
-1.32277225308
-0.979900344361
-0.796038288145
-0.496786522525
-0.50666698663
-0.688806365715
-0.615489148579
-0.510860342692
-0.603551736211
-0.957549920287
-0.588593022716
-0.652868841512
-0.425026673306
-0.818277153531
-0.496699397548
-0.764220302821
-0.668109730409
-0.979900344361
-0.796038288145
-0.496786522525
-0.469820908181
-0.601123776256
-0.502965449162
-0.490013821367
-0.747222736434
-0.916423027267
-0.588593022716
-0.652868841512
-0.897144932505
-0.818277153531
-0.496699397548
-0.764220302821
-0.417929395906
-0.979900344361
-0.796038288145
-0.387082074166
-0.469820908181
-0.601123776256
-0.502965449162
-0.490013821367
-0.758783524104
-0.924631884984
-0.588593022716
-0.769162941136
-0.897144932505
-0.612682360819
-0.496699397548
-0.764220302821
-0.327877302885
-0.979900344361
-0.949050550614
-0.468971616091
-0.45211456186
-0.570338118425
-0.502965449162
-0.490013821367
-0.692836875422
-0.924631884984
-0.589475216799
-0.395374323938
-0.66629940608
-0.612682360819
-0.496699397548
-0.766227307367
-0.327877302885
-0.905557890803
-0.700089096806
-0.505794387239
-0.45211456186
-0.455639707586
-0.502965449162
-0.490013821367
-0.478644295263
-0.439544706771
-0.668636451138
-0.411522763645
-0.735189018872
-0.612682360819
-0.545654786287
-0.731104202752
-0.543282302753
-0.905557890803
-0.700089096806
-0.697246093605
-0.377004891761
-0.40154207722
-0.502965449162
-0.490013821367
-0.55659168837
-0.908168739143
-0.668636451138
-0.462570959878
-0.723026753144
-0.687485538205
-0.628528006888
-0.782704170467
-0.401095311261
-0.570275434234
-0.700089096806
-0.571615699867
-0.437454444029
-0.40154207722
-0.550191500333
-0.490013821367
-0.45599854139
-0.908168739143
-0.89798487967
-0.489925393366
-0.723026753144
-0.743202775735
-0.640575315638
-0.782704170467
-0.42952410651
-0.570275434234
-0.700089096806
-0.594525091014
-0.437454444029
-0.42957506194
-0.433289931218
-0.498164718153
-0.572398790636
-0.928270990787
-0.574834457041
-0.489925393366
-0.765206410347
-0.732431911554
-0.640575315638
-0.782704170467
-0.383393304322
-0.570275434234
-0.8353025373
-0.659771543569
-0.437454444029
-0.42957506194
-0.470476478273
-0.498164718153
-0.563878437117
-0.806627998808
-0.909990029773
-0.339568559825
-1.05240857268
-0.852743113969
-0.640575315638
-0.858606483339
-0.493121849028
-0.570275434234
-0.688692458144
-0.720811907114
-0.461486917696
-0.541614666151
-0.451885497971
-0.438637302219
-0.540999305177
-0.806627998808
-0.909990029773
-1.40140995797
-1.05240857268
-0.695604186797
-0.640575315638
-0.858606483339
-0.653581039536
-0.570275434234
-0.871007481751
-0.782003841854
-0.461486917696
-0.541614666151
-0.451885497971
-0.438637302219
-0.363282932662
-0.817033712306
-0.909990029773
-1.40140995797
-0.544568819215
-0.654515690413
-0.649731481763
-0.858606483339
-1.43852507807
-0.729644286965
-0.457458704748
-0.771011043387
-0.461486917696
-0.541614666151
-0.573666685334
-0.438637302219
-0.363282932662
-0.817033712306
-0.716903020249
-0.673674041363
-0.81868238819
-0.675883817057
-0.741092539856
-0.858606483339
-1.43852507807
-0.868504259059
-0.457458704748
-0.559368836435
-0.461486917696
-0.540073528454
-0.573666685334
-0.814190812258
-0.60321147371
-0.810259115176
-0.716903020249
-0.760287603455
-0.789852558302
-0.711080961611
-0.806518999345
-0.803565460178
-0.428519760581
-0.868504259059
-0.381631271566
-0.548896030525
-0.421930605651
-0.540073528454
-0.658403280077
-0.814190812258
-0.713234497806
-0.835304364933
-0.752813456173
-0.760287603455
-0.789852558302
-0.537574794919
-0.517834906806
-0.832704944846
-0.428519760581
-0.868504259059
-0.471646749473
-0.458914357573
-0.373419114846
-0.540073528454
-0.82794411419
-0.400836195244
-0.720249015235
-0.835304364933
-0.752813456173
-0.602752438236
-0.873364198899
-0.775874389377
-0.586574361929
-0.832704944846
-0.428519760581
-0.868504259059
-0.432888998582
-0.502407332736
-0.373419114846
-0.540073528454
-0.82794411419
-0.354564382189
-0.720249015235
-0.835304364933
-0.62902810552
-0.53456493879
-0.873364198899
-0.775874389377
-0.799427996267
-0.793295005586
-0.428519760581
-0.744368093997
-0.422870597187
-0.510441866284
-0.77321531542
-0.540073528454
-0.82794411419
-0.504363040573
-0.720249015235
-0.891085224091
-0.601898380411
-0.581176179487
-0.873364198899
-0.775874389377
-0.467927100339
-0.669093506306
-0.476727690347
-0.712408027253
-0.689688537308
-0.452060088733
-0.77321531542
-0.540073528454
-0.706166292555
-0.414530239302
-0.507653928573
-0.549215018558
-0.765893603867
-0.43207375647
-0.965058183473
-0.775874389377
-0.467927100339
-0.751543067212
-0.476727690347
-0.404154711425
-0.704065796162
-0.42150691253
-0.402738714736
-0.445980430155
-0.706166292555
-0.496454371499
-0.823549067624
-0.549215018558
-0.608221344393
-0.43207375647
-0.807441175862
-0.619068051354
-0.445087656155
-0.637630148211
-0.476727690347
-0.404154711425
-0.442860366962
-0.569976995484
-0.368611180644
-0.445980430155
-0.706166292555
-0.44039095249
-0.759492221365
-0.740991526574
-0.411565510996
-0.636647589848
-0.81989960693
-0.797457400639
-0.432248792995
-0.637630148211
-0.495027902766
-0.490003780519
-0.702839903189
-0.512711435562
-0.368611180644
-0.507241507593
-0.662523720842
-0.44039095249
-0.811759261482
-0.740331328328
-0.606383999401
-0.424957412341
-0.81989960693
-0.706037182396
-0.415438681201
-0.828916030671
-0.601330071154
-0.564221827905
-0.596809281199
-0.512711435562
-0.483990656091
-0.544809610453
-0.578078871235
-0.536105718451
-0.811759261482
-0.740331328328
-0.606383999401
-0.424957412341
-0.81989960693
-0.808405221773
-0.383754078753
-0.828916030671
-0.628872709699
-0.453256268221
-0.596809281199
-0.811109826451
-0.482043030353
-0.506192230947
-0.492373585781
-0.536105718451
-0.790832908462
-0.740331328328
-0.427116073326
-0.527101212338
-0.81989960693
-0.599172003388
-0.593570917731
-0.817462026982
-1.62124348283
-0.56176219406
-0.588539843988
-0.811109826451
-0.482043030353
-0.542984440386
-0.616069295246
-0.427580788276
-0.678375089275
-0.740331328328
-0.427116073326
-0.527101212338
-0.81989960693
-0.664317831061
-0.503134789142
-0.817462026982
-1.62124348283
-0.323802168153
-0.528223545147
-0.899050968744
-0.482043030353
-0.735447544057
-0.743953813954
-0.82676518179
-0.678375089275
-0.740331328328
-0.427116073326
-0.527101212338
-0.909361360883
-0.745333706212
-0.371236773347
-0.752258127033
-1.62124348283
-0.334574358883
-0.608144365172
-0.899612758889
-0.456609076765
-0.609554274791
-0.821718449467
-0.82676518179
-0.678375089275
-0.740331328328
-0.442226541452
-0.887033167728
-0.858432228305
-0.709500240363
-0.383442516806
-0.837991107203
-1.62124348283
-0.31244510535
-0.608310151359
-0.810513313185
-0.448038893103
-0.762241599879
-0.740157607124
-0.82676518179
-0.604849258984
-0.740331328328
-0.400494287958
-0.887033167728
-0.684328022985
-0.769610954934
-0.492750353881
-0.837991107203
-1.62124348283
-0.795878748059
-0.506234454347
-1.099674204
-0.463559694124
-0.762241599879
-0.715056411839
-0.777309390644
-0.626180240147
-0.740331328328
-0.493619373499
-0.887033167728
-0.963458054425
-0.769610954934
-0.520349836545
-0.837991107203
-1.62124348283
-0.795878748059
-0.62414067833
-1.099674204
-0.560119682407
-0.762241599879
-0.419281636124
-0.777309390644
-0.582417893472
-0.807935914698
-0.48503582646
-0.887033167728
-0.692083428027
-0.747949029877
-0.520349836545
-0.815210551123
-0.602613821446
-0.795878748059
-0.517335857311
-0.878363048643
-0.382823468356
-0.762241599879
-0.554228513436
-0.799888640529
-0.582417893472
-0.793827955296
-0.617856892046
-0.463934571338
-0.578582936068
-0.929693402421
-0.439280503378
-0.741355689402
-0.602613821446
-0.795878748059
-0.55925041374
-0.619548000162
-0.55794449968
-0.80084599134
-0.487453667133
-0.555231100393
-0.597893532568
-0.793827955296
-0.652435683957
-0.463934571338
-0.578582936068
-0.781086917656
-0.375634390768
-0.741355689402
-0.602613821446
-0.407655428047
-0.805942621078
-0.470469159761
-0.55794449968
-0.693672245453
-0.487453667133
-0.555231100393
-0.490514820843
-0.793827955296
-0.562999410876
-0.55609516545
-0.417051903709
-0.781086917656
-0.455453326748
-0.787472571681
-0.545555783224
-0.407655428047
-0.805942621078
-0.53416235877
-0.55794449968
-0.693672245453
-0.477793032212
-0.49523085481
-0.85334835615
-0.793827955296
-0.72188381027
-1.30642328855
-0.497940182176
-0.663249502871
-0.455453326748
-0.787472571681
-0.545555783224
-0.407655428047
-0.805942621078
-0.53416235877
-0.437727737517
-0.693672245453
-0.378735099408
-0.670637759715
-0.938953352449
-0.751314502043
-0.72188381027
-0.735522299428
-0.486642075173
-0.613603340281
-0.455453326748
-0.787472571681
-0.404079539553
-0.407655428047
-0.805942621078
-0.53416235877
-0.396978991439
-0.693672245453
-0.354351196128
-0.670637759715
-0.938953352449
-0.751314502043
-0.561252163225
-0.735522299428
-0.508043704382
-0.613603340281
-0.455453326748
-0.787472571681
-0.404079539553
-0.621078613933
-0.805942621078
-0.420142880007
-1.63188874549
-0.693672245453
-0.464881136056
-0.728262109754
-0.730276583364
-0.572803441643
-0.457814005492
-0.880927130768
-0.560065561449
-0.613603340281
-0.405139552792
-0.787472571681
-0.451171181192
-0.657179809507
-0.658037983938
-0.420142880007
-1.51923551356
-0.437697531707
-0.479325915696
-0.728262109754
-0.637854374332
-0.572803441643
-0.512661805577
-0.880927130768
-0.488661165043
-0.606983363451
-0.405139552792
-0.639041795018
-0.460613675526
-0.657179809507
-0.855283003252
-0.368777495843
-1.02556462542
-0.528829915062
-0.464778499797
-0.728262109754
-0.780641025775
-0.744652529637
-0.451475542233
-0.880927130768
-0.564873775157
-0.606983363451
-0.373859060093
-0.978134822183
-0.793853306876
-0.657179809507
-0.714217878386
-0.464883547838
-1.02556462542
-0.522557064438
-0.426990092391
-0.7217749863
-0.779068451815
-0.946289140082
-0.438352786831
-0.880927130768
-0.43793215796
-0.584022125794
-0.435875225694
-0.465405521434
-0.452298821145
-0.657179809507
-0.529614014212
-0.464883547838
-1.03824307912
-0.483564209236
-0.501967531185
-0.7217749863
-0.779068451815
-0.946289140082
-0.337816790003
-0.379740700677
-0.55225257924
-0.61488785528
-0.435875225694
-0.583616927625
-0.452298821145
-0.657179809507
-0.877966002937
-0.606772632186
-2.61521401257
-0.575982931808
-0.501967531185
-0.757880438863
-0.779068451815
-0.477978255512
-0.507252666882
-0.379740700677
-0.55225257924
-0.470164060777
-0.435875225694
-0.771172440382
-0.452298821145
-0.657179809507
-0.707985420517
-0.645789476393
-2.61521401257
-0.756106171856
-0.506629704311
-0.436300859105
-0.647776655206
-0.45460160276
-0.448079799998
-0.477521587649
-0.571621080862
-0.436351148552
-0.435875225694
-0.771172440382
-0.718359161062
-0.657179809507
-0.707985420517
-0.840738182125
-1.86501946907
-0.756106171856
-0.775598518024
-0.436300859105
-0.580902973766
-0.45460160276
-0.351085577892
-0.477521587649
-0.386534289928
-0.521912907365
-0.617803122213
-0.429879482972
-0.718359161062
-0.657179809507
-0.642123415531
-0.812655659189
-1.15477611595
-0.756106171856
-0.775979376941
-0.436300859105
-0.536989801533
-0.45460160276
-0.590459284775
-0.468834744099
-0.453756277027
-0.521912907365
-0.696353491438
-0.429879482972
-0.718359161062
-0.657179809507
-0.643203157582
-0.641614645271
-1.15477611595
-0.756106171856
-0.775979376941
-0.51891685891
-0.48192489903
-0.45460160276
-0.423038364281
-0.511600022734
-0.453756277027
-0.526594938386
-0.696353491438
-0.458733088353
-0.376138896903
-0.633563149081
-0.530690663299
-0.539569510597
-1.15477611595
-0.756106171856
-0.735305068038
-0.466135092076
-0.48192489903
-0.591687801376
-0.423336955804
-0.475588570182
-0.56303632023
-0.530025413801
-0.416766904086
-0.458733088353
-0.585174029657
-0.633563149081
-0.530690663299
-0.527349056616
-1.15477611595
-0.520148544375
-0.579449695976
-0.466135092076
-0.552832674464
-0.591687801376
-0.500531488016
-0.475588570182
-0.418883361176
-0.530025413801
-0.416766904086
-0.441124829382
-0.493154651943
-0.588925740522
-0.530690663299
-0.527349056616
-1.15477611595
-0.511238007707
-0.579449695976
-0.459308145477
-0.552832674464
-0.402502084573
-0.576194004428
-0.475588570182
-0.418883361176
-0.530025413801
-0.416766904086
-0.398772811902
-0.573277017298
-0.588925740522
-0.530690663299
-0.773082604337
-0.824302260615
-0.511238007707
-0.536488599164
-0.459308145477
-0.344784945662
-0.466444568281
-0.515421567863
-0.518151909216
-0.619334334928
-0.538453579124
-0.416766904086
-0.414222797235
-0.417640614171
-0.586495226048
-0.924626855741
-0.664624470611
-0.620319286924
-0.670772521889
-0.499925446388
-0.459960772694
-0.436943063117
-0.450399154032
-0.596865391409
-0.518151909216
-0.905612314273
-0.521559294531
-0.475733621946
-0.418447519659
-0.687478304342
-0.875111185447
-0.924626855741
-0.803740452714
-0.620319286924
-0.670772521889
-0.499925446388
-0.454393636359
-0.445264022247
-0.450399154032
-0.819429616725
-0.421603633906
-0.44681977869
-0.333172001621
-0.439975269885
-0.519861803614
-0.558560271191
-0.875111185447
-0.924626855741
-0.567816748079
-0.620319286924
-0.669342036215
-0.522908831577
-0.487029491753
-0.792931029281
-0.450399154032
-0.356872400836
-0.421603633906
-0.504158166709
-0.43531285011
-0.438528618454
-1.97341160275
-0.564185397563
-0.875111185447
-0.924626855741
-0.567816748079
-0.620319286924
-0.730117020789
-0.502471071218
-0.554010002598
-0.792931029281
-0.680077805723
-0.356872400836
-0.668394433653
-0.504158166709
-0.473518056668
-0.450479745286
-0.511233855997
-0.667826444132
-0.629450773823
-0.924626855741
-0.429518029991
-0.49325713439
-0.777855345517
-0.502471071218
-0.558042729853
-0.792931029281
-0.680077805723
-0.473080314362
-0.656497179125
-0.504158166709
-0.389417091784
-0.462255180879
-0.511233855997
-0.667826444132
-0.629450773823
-0.412263144541
-0.429518029991
-0.49325713439
-0.678404397195
-0.502471071218
-0.558042729853
-0.792931029281
-0.680077805723
-0.481751742673
-1.6236053886
-0.504158166709
-0.508338434587
-0.369980466867
-0.423487786396
-0.683515146346
-0.629450773823
-0.52215057369
-0.429518029991
-0.49325713439
-0.678404397195
-0.441253182961
-0.558042729853
-0.792931029281
-0.93641464424
-0.379525609727
-1.96435688126
-0.414265343048
-0.523707973483
-0.369980466867
-0.418055820795
-0.63181825857
-0.629450773823
-0.838770950023
-0.579788733086
-0.49325713439
-0.511221592435
-0.491993087261
-0.43253485113
-0.792931029281
-0.551802689267
-0.428523991099
-1.81171912144
-0.461540592249
-0.382124418073
-0.408450100592
-1.07765033118
-0.711928659721
-0.5306996406
-0.517727107017
-0.579788733086
-0.49325713439
-0.669673911316
-0.491993087261
-0.43253485113
-0.594040884499
-0.638839989786
-0.502505776863
-0.534089710928
-0.457538841786
-0.48831700605
-0.430447277904
-0.606188289798
-0.711928659721
-0.5306996406
-0.518874031633
-0.360979640528
-0.49325713439
-0.669673911316
-0.613140420328
-0.702428340987
-0.781277472507
-0.541183571864
-0.502505776863
-1.13114349639
-0.46999753435
-0.594583642163
-0.610140245309
-0.606188289798
-0.590143870411
-0.447895736955
-0.579618245819
-0.448003466986
-0.49325713439
-0.669673911316
-0.686110722627
-0.610316880513
-0.559192587173
-0.486285451354
-0.440654291361
-1.48147669169
-0.46999753435
-0.539416439864
-0.389139649534
-1.81746808136
-0.602118992009
-0.375059042924
-0.399966104072
-0.422823247506
-0.584314179515
-0.669673911316
-0.686110722627
-0.610316880513
-0.658903566865
-0.533315915549
